2021-02-10 11:57:24.429  INFO 3743 --- [main] com.example.demo.ECommerceApplication    : Starting ECommerceApplication on yukult.local with PID 3743 (/Users/yukult/Documents/Go/Courses/Java/JWDN/projects/L4/eCommerce/target/classes started by yukult in /Users/yukult/Documents/Go/Courses/Java/JWDN/projects/L4/eCommerce)
2021-02-10 11:57:24.435  INFO 3743 --- [main] com.example.demo.ECommerceApplication    : No active profile set, falling back to default profiles: default
2021-02-10 11:57:25.084  INFO 3743 --- [main] .s.d.r.c.RepositoryConfigurationDelegate : Bootstrapping Spring Data repositories in DEFAULT mode.
2021-02-10 11:57:25.149  INFO 3743 --- [main] .s.d.r.c.RepositoryConfigurationDelegate : Finished Spring Data repository scanning in 55ms. Found 4 repository interfaces.
2021-02-10 11:57:25.660  INFO 3743 --- [main] trationDelegate$BeanPostProcessorChecker : Bean 'org.springframework.transaction.annotation.ProxyTransactionManagementConfiguration' of type [org.springframework.transaction.annotation.ProxyTransactionManagementConfiguration$$EnhancerBySpringCGLIB$$645fb696] is not eligible for getting processed by all BeanPostProcessors (for example: not eligible for auto-proxying)
2021-02-10 11:57:25.928  INFO 3743 --- [main] o.s.b.w.embedded.tomcat.TomcatWebServer  : Tomcat initialized with port(s): 8080 (http)
2021-02-10 11:57:25.955  INFO 3743 --- [main] o.apache.catalina.core.StandardService   : Starting service [Tomcat]
2021-02-10 11:57:25.956  INFO 3743 --- [main] org.apache.catalina.core.StandardEngine  : Starting Servlet engine: [Apache Tomcat/9.0.19]
2021-02-10 11:57:26.074  INFO 3743 --- [main] o.a.c.c.C.[Tomcat].[localhost].[/]       : Initializing Spring embedded WebApplicationContext
2021-02-10 11:57:26.074  INFO 3743 --- [main] o.s.web.context.ContextLoader            : Root WebApplicationContext: initialization completed in 1571 ms
2021-02-10 11:57:26.259  INFO 3743 --- [main] com.zaxxer.hikari.HikariDataSource       : HikariPool-1 - Starting...
2021-02-10 11:57:26.429  INFO 3743 --- [main] com.zaxxer.hikari.HikariDataSource       : HikariPool-1 - Start completed.
2021-02-10 11:57:26.498  INFO 3743 --- [main] o.hibernate.jpa.internal.util.LogHelper  : HHH000204: Processing PersistenceUnitInfo [
	name: default
	...]
2021-02-10 11:57:26.575  INFO 3743 --- [main] org.hibernate.Version                    : HHH000412: Hibernate Core {5.3.10.Final}
2021-02-10 11:57:26.577  INFO 3743 --- [main] org.hibernate.cfg.Environment            : HHH000206: hibernate.properties not found
2021-02-10 11:57:26.740  INFO 3743 --- [main] o.hibernate.annotations.common.Version   : HCANN000001: Hibernate Commons Annotations {5.0.4.Final}
2021-02-10 11:57:26.886  INFO 3743 --- [main] org.hibernate.dialect.Dialect            : HHH000400: Using dialect: org.hibernate.dialect.H2Dialect
2021-02-10 11:57:27.605  INFO 3743 --- [main] j.LocalContainerEntityManagerFactoryBean : Initialized JPA EntityManagerFactory for persistence unit 'default'
2021-02-10 11:57:28.193  WARN 3743 --- [main] aWebConfiguration$JpaWebMvcConfiguration : spring.jpa.open-in-view is enabled by default. Therefore, database queries may be performed during view rendering. Explicitly configure spring.jpa.open-in-view to disable this warning
2021-02-10 11:57:28.256  INFO 3743 --- [main] o.s.s.web.DefaultSecurityFilterChain     : Creating filter chain: any request, [org.springframework.security.web.context.request.async.WebAsyncManagerIntegrationFilter@301770d9, org.springframework.security.web.context.SecurityContextPersistenceFilter@6705b763, org.springframework.security.web.header.HeaderWriterFilter@4f98ac31, org.springframework.web.filter.CorsFilter@40edc64e, org.springframework.security.web.authentication.logout.LogoutFilter@5af56240, com.example.demo.security.JWTIssueFilter@1fec9d33, com.example.demo.security.JWTValidateFilter@372f7bc, org.springframework.security.web.savedrequest.RequestCacheAwareFilter@a97a895, org.springframework.security.web.servletapi.SecurityContextHolderAwareRequestFilter@79631db0, org.springframework.security.web.authentication.AnonymousAuthenticationFilter@8e8ceb3, org.springframework.security.web.session.SessionManagementFilter@20e48e63, org.springframework.security.web.access.ExceptionTranslationFilter@36fe83d, org.springframework.security.web.access.intercept.FilterSecurityInterceptor@7e63374b]
2021-02-10 11:57:28.367  INFO 3743 --- [main] o.s.s.concurrent.ThreadPoolTaskExecutor  : Initializing ExecutorService 'applicationTaskExecutor'
2021-02-10 11:57:28.561  INFO 3743 --- [main] o.s.b.w.embedded.tomcat.TomcatWebServer  : Tomcat started on port(s): 8080 (http) with context path ''
2021-02-10 11:57:28.562  INFO 3743 --- [main] com.example.demo.ECommerceApplication    : Started ECommerceApplication in 9.521 seconds (JVM running for 10.037)
2021-02-10 11:58:01.363  INFO 3743 --- [http-nio-8080-exec-1] o.a.c.c.C.[Tomcat].[localhost].[/]       : Initializing Spring DispatcherServlet 'dispatcherServlet'
2021-02-10 11:58:01.365  INFO 3743 --- [http-nio-8080-exec-1] o.s.web.servlet.DispatcherServlet        : Initializing Servlet 'dispatcherServlet'
2021-02-10 11:58:01.379  INFO 3743 --- [http-nio-8080-exec-1] o.s.web.servlet.DispatcherServlet        : Completed initialization in 13 ms
2021-02-10 11:58:01.821  INFO 3743 --- [http-nio-8080-exec-1] c.e.demo.controllers.UserController      : ;success;createUser;Username Betty
2021-02-10 11:58:11.245 ERROR 3743 --- [http-nio-8080-exec-3] c.e.demo.controllers.UserController      : ;fail;createUser;Invalid password
2021-02-10 11:59:10.180  INFO 3743 --- [http-nio-8080-exec-6] o.h.h.i.QueryTranslatorFactoryInitiator  : HHH000397: Using ASTQueryTranslatorFactory
2021-02-10 11:59:10.324  INFO 3743 --- [http-nio-8080-exec-6] c.e.demo.controllers.CartController      : ;success;addTocart;Username Betty
2021-02-10 11:59:19.801 ERROR 3743 --- [http-nio-8080-exec-7] c.e.demo.controllers.CartController      : ;fail;addTocart;Username Alex not found
2021-02-10 11:59:34.406  INFO 3743 --- [http-nio-8080-exec-8] c.e.demo.controllers.ItemController      : ;success;getItemById;Item2
2021-02-10 11:59:38.767  INFO 3743 --- [http-nio-8080-exec-9] c.e.demo.controllers.ItemController      : ;success;getItemById;Item1
2021-02-10 11:59:41.944 ERROR 3743 --- [http-nio-8080-exec-10] c.e.demo.controllers.ItemController      : ;fail;getItemById;Item with 10 not found
2021-02-10 11:59:41.944  INFO 3743 --- [http-nio-8080-exec-10] c.e.demo.controllers.ItemController      : ;success;getItemById;Item10
2021-02-10 12:01:00.988 ERROR 3743 --- [http-nio-8080-exec-3] c.e.demo.security.JWTValidateFilter      : ;fail;login;The Token has expired on Wed Feb 10 11:59:51 CET 2021.
2021-02-10 12:01:12.478  INFO 3743 --- [Thread-3] o.s.s.concurrent.ThreadPoolTaskExecutor  : Shutting down ExecutorService 'applicationTaskExecutor'
2021-02-10 12:01:12.480  INFO 3743 --- [Thread-3] j.LocalContainerEntityManagerFactoryBean : Closing JPA EntityManagerFactory for persistence unit 'default'
2021-02-10 12:01:12.484  INFO 3743 --- [Thread-3] com.zaxxer.hikari.HikariDataSource       : HikariPool-1 - Shutdown initiated...
2021-02-10 12:01:12.498  INFO 3743 --- [Thread-3] com.zaxxer.hikari.HikariDataSource       : HikariPool-1 - Shutdown completed.
2021-02-10 12:01:37.829  INFO 3820 --- [main] com.example.demo.ECommerceApplication    : Starting ECommerceApplication on yukult.local with PID 3820 (/Users/yukult/Documents/Go/Courses/Java/JWDN/projects/L4/eCommerce/target/classes started by yukult in /Users/yukult/Documents/Go/Courses/Java/JWDN/projects/L4/eCommerce)
2021-02-10 12:01:37.832  INFO 3820 --- [main] com.example.demo.ECommerceApplication    : No active profile set, falling back to default profiles: default
2021-02-10 12:01:38.526  INFO 3820 --- [main] .s.d.r.c.RepositoryConfigurationDelegate : Bootstrapping Spring Data repositories in DEFAULT mode.
2021-02-10 12:01:38.624  INFO 3820 --- [main] .s.d.r.c.RepositoryConfigurationDelegate : Finished Spring Data repository scanning in 88ms. Found 4 repository interfaces.
2021-02-10 12:01:39.398  INFO 3820 --- [main] trationDelegate$BeanPostProcessorChecker : Bean 'org.springframework.transaction.annotation.ProxyTransactionManagementConfiguration' of type [org.springframework.transaction.annotation.ProxyTransactionManagementConfiguration$$EnhancerBySpringCGLIB$$18adc3c1] is not eligible for getting processed by all BeanPostProcessors (for example: not eligible for auto-proxying)
2021-02-10 12:01:39.750  INFO 3820 --- [main] o.s.b.w.embedded.tomcat.TomcatWebServer  : Tomcat initialized with port(s): 8080 (http)
2021-02-10 12:01:39.776  INFO 3820 --- [main] o.apache.catalina.core.StandardService   : Starting service [Tomcat]
2021-02-10 12:01:39.776  INFO 3820 --- [main] org.apache.catalina.core.StandardEngine  : Starting Servlet engine: [Apache Tomcat/9.0.19]
2021-02-10 12:01:39.878  INFO 3820 --- [main] o.a.c.c.C.[Tomcat].[localhost].[/]       : Initializing Spring embedded WebApplicationContext
2021-02-10 12:01:39.878  INFO 3820 --- [main] o.s.web.context.ContextLoader            : Root WebApplicationContext: initialization completed in 1983 ms
2021-02-10 12:01:40.062  INFO 3820 --- [main] com.zaxxer.hikari.HikariDataSource       : HikariPool-1 - Starting...
2021-02-10 12:01:40.218  INFO 3820 --- [main] com.zaxxer.hikari.HikariDataSource       : HikariPool-1 - Start completed.
2021-02-10 12:01:40.274  INFO 3820 --- [main] o.hibernate.jpa.internal.util.LogHelper  : HHH000204: Processing PersistenceUnitInfo [
	name: default
	...]
2021-02-10 12:01:40.337  INFO 3820 --- [main] org.hibernate.Version                    : HHH000412: Hibernate Core {5.3.10.Final}
2021-02-10 12:01:40.338  INFO 3820 --- [main] org.hibernate.cfg.Environment            : HHH000206: hibernate.properties not found
2021-02-10 12:01:40.467  INFO 3820 --- [main] o.hibernate.annotations.common.Version   : HCANN000001: Hibernate Commons Annotations {5.0.4.Final}
2021-02-10 12:01:40.605  INFO 3820 --- [main] org.hibernate.dialect.Dialect            : HHH000400: Using dialect: org.hibernate.dialect.H2Dialect
2021-02-10 12:01:41.259  INFO 3820 --- [main] j.LocalContainerEntityManagerFactoryBean : Initialized JPA EntityManagerFactory for persistence unit 'default'
2021-02-10 12:01:41.796  WARN 3820 --- [main] aWebConfiguration$JpaWebMvcConfiguration : spring.jpa.open-in-view is enabled by default. Therefore, database queries may be performed during view rendering. Explicitly configure spring.jpa.open-in-view to disable this warning
2021-02-10 12:01:41.858  INFO 3820 --- [main] o.s.s.web.DefaultSecurityFilterChain     : Creating filter chain: any request, [org.springframework.security.web.context.request.async.WebAsyncManagerIntegrationFilter@5847010, org.springframework.security.web.context.SecurityContextPersistenceFilter@afb7b03, org.springframework.security.web.header.HeaderWriterFilter@78ea700f, org.springframework.web.filter.CorsFilter@1ad9d5be, org.springframework.security.web.authentication.logout.LogoutFilter@1bf10539, com.example.demo.security.JWTIssueFilter@46fdfaeb, com.example.demo.security.JWTValidateFilter@102aa5fc, org.springframework.security.web.savedrequest.RequestCacheAwareFilter@7d483ebe, org.springframework.security.web.servletapi.SecurityContextHolderAwareRequestFilter@6b630d4b, org.springframework.security.web.authentication.AnonymousAuthenticationFilter@36885319, org.springframework.security.web.session.SessionManagementFilter@3b1137b0, org.springframework.security.web.access.ExceptionTranslationFilter@31c0c7e5, org.springframework.security.web.access.intercept.FilterSecurityInterceptor@3023f157]
2021-02-10 12:01:41.953  INFO 3820 --- [main] o.s.s.concurrent.ThreadPoolTaskExecutor  : Initializing ExecutorService 'applicationTaskExecutor'
2021-02-10 12:01:42.119  INFO 3820 --- [main] o.s.b.w.embedded.tomcat.TomcatWebServer  : Tomcat started on port(s): 8080 (http) with context path ''
2021-02-10 12:01:42.121  INFO 3820 --- [main] com.example.demo.ECommerceApplication    : Started ECommerceApplication in 9.81 seconds (JVM running for 10.554)
2021-02-10 12:01:47.140  INFO 3820 --- [http-nio-8080-exec-2] o.a.c.c.C.[Tomcat].[localhost].[/]       : Initializing Spring DispatcherServlet 'dispatcherServlet'
2021-02-10 12:01:47.140  INFO 3820 --- [http-nio-8080-exec-2] o.s.web.servlet.DispatcherServlet        : Initializing Servlet 'dispatcherServlet'
2021-02-10 12:01:47.152  INFO 3820 --- [http-nio-8080-exec-2] o.s.web.servlet.DispatcherServlet        : Completed initialization in 12 ms
2021-02-10 12:01:47.440  INFO 3820 --- [http-nio-8080-exec-2] c.e.demo.controllers.UserController      : ;success;createUser;Username Betty
2021-02-10 12:02:27.844 ERROR 3820 --- [http-nio-8080-exec-4] c.e.demo.security.JWTValidateFilter      : ;fail;login;The Token has expired on Wed Feb 10 11:59:51 CET 2021.
2021-02-10 12:02:33.378  INFO 3820 --- [http-nio-8080-exec-5] o.h.h.i.QueryTranslatorFactoryInitiator  : HHH000397: Using ASTQueryTranslatorFactory
2021-02-10 12:02:33.528  INFO 3820 --- [http-nio-8080-exec-5] c.e.demo.controllers.CartController      : ;success;addTocart;Username Betty
2021-02-10 12:02:58.893  INFO 3820 --- [http-nio-8080-exec-6] c.e.demo.controllers.ItemController      : ;success;getItemById;Item1
2021-02-10 12:03:03.600 ERROR 3820 --- [http-nio-8080-exec-7] c.e.demo.controllers.ItemController      : ;fail;getItemById;Item with 10 not found
2021-02-10 12:03:13.034 ERROR 3820 --- [http-nio-8080-exec-8] c.e.demo.security.JWTValidateFilter      : ;fail;login;The Token has expired on Wed Feb 10 11:59:51 CET 2021.
2021-02-10 12:03:17.499  INFO 3820 --- [http-nio-8080-exec-9] c.e.demo.controllers.OrderController     : ;success;orderSubmit;Username Betty
2021-02-10 12:03:29.739  INFO 3820 --- [http-nio-8080-exec-10] c.e.demo.controllers.OrderController     : ;success;getOrdersForUser;Username Betty
2021-02-10 12:03:36.251 ERROR 3820 --- [http-nio-8080-exec-1] c.e.demo.controllers.OrderController     : ;fail;getOrdersForUser;Username Alex not found
2021-02-10 12:06:53.390  INFO 3820 --- [Thread-3] o.s.s.concurrent.ThreadPoolTaskExecutor  : Shutting down ExecutorService 'applicationTaskExecutor'
2021-02-10 12:06:53.393  INFO 3820 --- [Thread-3] j.LocalContainerEntityManagerFactoryBean : Closing JPA EntityManagerFactory for persistence unit 'default'
2021-02-10 12:06:53.396  INFO 3820 --- [Thread-3] com.zaxxer.hikari.HikariDataSource       : HikariPool-1 - Shutdown initiated...
2021-02-10 12:06:53.399  INFO 3820 --- [Thread-3] com.zaxxer.hikari.HikariDataSource       : HikariPool-1 - Shutdown completed.
